C:\Program Files (x86)\MSBuild\Microsoft.Cpp\v4.0\V140\Microsoft.CppBuild.targets(392,5): warning MSB8028: The intermediate directory (Debug\) contains files shared from another project (3DGameProject.vcxproj).  This can lead to incorrect clean and rebuild behavior.
  Cloth.cpp
f:\school\cloth\clothsimulation\cloth.cpp(191): error C2276: '*': illegal operation on bound member function expression
f:\school\cloth\clothsimulation\cloth.cpp(209): error C3867: 'Particle::getMoveable': non-standard syntax; use '&' to create a pointer to member
f:\school\cloth\clothsimulation\cloth.cpp(240): error C3867: 'Particle::getMoveable': non-standard syntax; use '&' to create a pointer to member
f:\school\cloth\clothsimulation\cloth.cpp(257): error C3867: 'Particle::getMoveable': non-standard syntax; use '&' to create a pointer to member
  Generating Code...
  Compiling...
  Source.cpp
f:\school\cloth\clothsimulation\source.cpp(89): warning C4838: conversion from 'double' to 'GLfloat' requires a narrowing conversion
f:\school\cloth\clothsimulation\source.cpp(89): warning C4305: 'initializing': truncation from 'double' to 'GLfloat'
f:\school\cloth\clothsimulation\source.cpp(90): warning C4838: conversion from 'double' to 'GLfloat' requires a narrowing conversion
f:\school\cloth\clothsimulation\source.cpp(90): warning C4305: 'initializing': truncation from 'double' to 'GLfloat'
f:\school\cloth\clothsimulation\source.cpp(115): warning C4244: '=': conversion from 'int' to 'GLfloat', possible loss of data
f:\school\cloth\clothsimulation\source.cpp(123): warning C4244: '=': conversion from 'int' to 'GLfloat', possible loss of data
f:\school\cloth\clothsimulation\source.cpp(129): warning C4244: '=': conversion from 'int' to 'GLfloat', possible loss of data
f:\school\cloth\clothsimulation\source.cpp(137): warning C4244: '=': conversion from 'int' to 'GLfloat', possible loss of data
f:\school\cloth\clothsimulation\source.cpp(149): warning C4244: '=': conversion from 'double' to 'float', possible loss of data
f:\school\cloth\clothsimulation\source.cpp(155): warning C4305: 'argument': truncation from 'double' to 'float'
f:\school\cloth\clothsimulation\source.cpp(204): warning C4244: '=': conversion from 'int' to 'GLfloat', possible loss of data
  Generating Code...
